2025-11-03 09:10:48.093  INFO 2747 --- [restartedMain] calEquipmentAndTrackingSystemApplication : Starting MedicalEquipmentAndTrackingSystemApplication using Java 11.0.27 on ip-172-31-20-132 with PID 2747 (/home/ubuntu/root/server/target/classes started by ubuntu in /home/ubuntu/root/server)
2025-11-03 09:10:48.094  INFO 2747 --- [restartedMain] calEquipmentAndTrackingSystemApplication : No active profile set, falling back to 1 default profile: "default"
2025-11-03 09:10:48.897  INFO 2747 --- [restartedMain] .s.d.r.c.RepositoryConfigurationDelegate : Bootstrapping Spring Data JPA repositories in DEFAULT mode.
2025-11-03 09:10:48.935  INFO 2747 --- [restartedMain] .s.d.r.c.RepositoryConfigurationDelegate : Finished Spring Data repository scanning in 36 ms. Found 5 JPA repository interfaces.
2025-11-03 09:10:49.280  INFO 2747 --- [restartedMain] o.s.b.w.embedded.tomcat.TomcatWebServer  : Tomcat initialized with port(s): 5000 (http)
2025-11-03 09:10:49.286  INFO 2747 --- [restartedMain] o.apache.catalina.core.StandardService   : Starting service [Tomcat]
2025-11-03 09:10:49.295  INFO 2747 --- [restartedMain] org.apache.catalina.core.StandardEngine  : Starting Servlet engine: [Apache Tomcat/9.0.82]
2025-11-03 09:10:49.316  INFO 2747 --- [restartedMain] o.a.c.c.C.[Tomcat-1].[localhost].[/]     : Initializing Spring embedded WebApplicationContext
2025-11-03 09:10:49.316  INFO 2747 --- [restartedMain] w.s.c.ServletWebServerApplicationContext : Root WebApplicationContext: initialization completed in 1218 ms
2025-11-03 09:10:49.369  INFO 2747 --- [restartedMain] com.zaxxer.hikari.HikariDataSource       : HikariPool-4 - Starting...
2025-11-03 09:10:49.419  INFO 2747 --- [restartedMain] com.zaxxer.hikari.HikariDataSource       : HikariPool-4 - Start completed.
2025-11-03 09:10:49.419  INFO 2747 --- [restartedMain] o.s.b.a.h2.H2ConsoleAutoConfiguration    : H2 console available at '/h2-console'. Database available at 'jdbc:mysql://localhost:3306/medicalEquipmentSystemDb'
2025-11-03 09:10:49.548  INFO 2747 --- [restartedMain] o.hibernate.jpa.internal.util.LogHelper  : HHH000204: Processing PersistenceUnitInfo [name: default]
2025-11-03 09:10:49.556  INFO 2747 --- [restartedMain] org.hibernate.dialect.Dialect            : HHH000400: Using dialect: org.hibernate.dialect.MySQL5Dialect
2025-11-03 09:10:49.883  INFO 2747 --- [restartedMain] o.h.e.t.j.p.i.JtaPlatformInitiator       : HHH000490: Using JtaPlatform implementation: [org.hibernate.engine.transaction.jta.platform.internal.NoJtaPlatform]
2025-11-03 09:10:49.884  INFO 2747 --- [restartedMain] j.LocalContainerEntityManagerFactoryBean : Initialized JPA EntityManagerFactory for persistence unit 'default'
2025-11-03 09:10:50.340  WARN 2747 --- [restartedMain] JpaBaseConfiguration$JpaWebConfiguration : spring.jpa.open-in-view is enabled by default. Therefore, database queries may be performed during view rendering. Explicitly configure spring.jpa.open-in-view to disable this warning
2025-11-03 09:10:51.408  INFO 2747 --- [restartedMain] o.s.s.web.DefaultSecurityFilterChain     : Will secure any request with [org.springframework.security.web.session.DisableEncodeUrlFilter@69031fd9, org.springframework.security.web.context.request.async.WebAsyncManagerIntegrationFilter@5eec66d1, org.springframework.security.web.context.SecurityContextPersistenceFilter@b38f4fd, org.springframework.security.web.header.HeaderWriterFilter@7b44f6cd, org.springframework.web.filter.CorsFilter@251f148, org.springframework.security.web.authentication.logout.LogoutFilter@35a410e8, com.wecp.medicalequipmentandtrackingsystem.jwt.JwtRequestFilter@7219017e, org.springframework.security.web.savedrequest.RequestCacheAwareFilter@1bc47a96, org.springframework.security.web.servletapi.SecurityContextHolderAwareRequestFilter@47ea15bd, org.springframework.security.web.authentication.AnonymousAuthenticationFilter@7b2a37aa, org.springframework.security.web.session.SessionManagementFilter@16750ad5, org.springframework.security.web.access.ExceptionTranslationFilter@28371b6f, org.springframework.security.web.access.intercept.FilterSecurityInterceptor@7421a46c]
2025-11-03 09:10:51.804  INFO 2747 --- [restartedMain] o.s.b.d.a.OptionalLiveReloadServer       : LiveReload server is running on port 35729
2025-11-03 09:10:52.004  INFO 2747 --- [restartedMain] o.s.b.w.embedded.tomcat.TomcatWebServer  : Tomcat started on port(s): 5000 (http) with context path ''
2025-11-03 09:10:52.009  INFO 2747 --- [restartedMain] calEquipmentAndTrackingSystemApplication : Started MedicalEquipmentAndTrackingSystemApplication in 4.007 seconds (JVM running for 3156.69)
2025-11-03 09:10:52.010  INFO 2747 --- [restartedMain] .ConditionEvaluationDeltaLoggingListener : Condition evaluation unchanged
2025-11-03 09:10:54.014  INFO 2747 --- [File Watcher] rtingClassPathChangeChangedEventListener : Restarting due to 41 class path changes (0 additions, 0 deletions, 41 modifications)
2025-11-03 09:10:54.031  INFO 2747 --- [Thread-14] o.apache.catalina.core.StandardService   : Stopping service [Tomcat]
2025-11-03 09:10:54.052  INFO 2747 --- [Thread-14] j.LocalContainerEntityManagerFactoryBean : Closing JPA EntityManagerFactory for persistence unit 'default'
2025-11-03 09:10:54.059  INFO 2747 --- [Thread-14] com.zaxxer.hikari.HikariDataSource       : HikariPool-4 - Shutdown initiated...
2025-11-03 09:10:54.095  INFO 2747 --- [Thread-14] com.zaxxer.hikari.HikariDataSource       : HikariPool-4 - Shutdown completed.
